<?xml version="1.0" encoding="UTF-8"?>
<!-- Generated by org.testng.reporters.JUnitXMLReporter -->
<testsuite ignored="5" hostname="LAPTOP-HV9JTJ5U" failures="0" tests="3" name="Default test" time="63.025" errors="0" timestamp="2022-03-06T10:23:47 IST">
  <testcase classname="SmokeTest.CreateIncident" name="createIncidentThroughAutomation" time="11.747"/>
  <testcase classname="SmokeTest.EditIncident" name="editIncident" time="12.211"/>
  <testcase classname="SmokeTest.DeleteIncident" name="deleteIncident" time="12.805"/>
  <testcase classname="utility.baseClass" name="@AfterTest CleanUp" time="0.0">
    <ignored/>
  </testcase> <!-- @AfterTest CleanUp -->
  <testcase classname="utility.baseClass" name="@AfterTest CleanUp" time="0.0">
    <ignored/>
  </testcase> <!-- @AfterTest CleanUp -->
  <testcase classname="SmokeTest.CreateIncident" name="createIncident" time="0.0">
    <ignored/>
  </testcase> <!-- createIncident -->
  <testcase classname="utility.baseClass" name="@BeforeTest CreateTestReport" time="0.0">
    <ignored/>
  </testcase> <!-- @BeforeTest CreateTestReport -->
  <testcase classname="utility.baseClass" name="@BeforeTest CreateTestReport" time="0.0">
    <ignored/>
  </testcase> <!-- @BeforeTest CreateTestReport -->
</testsuite> <!-- Default test -->
