<?xml version="1.0" encoding="UTF-8"?>
<!-- Generated by org.testng.reporters.JUnitXMLReporter -->
<testsuite ignored="0" hostname="LAPTOP-HV9JTJ5U" failures="0" tests="3" name="Test" time="61.037" errors="0" timestamp="2022-03-01T22:47:23 IST">
  <testcase classname="SmokeTest.CreateIncident" name="createIncident" time="11.512"/>
  <testcase classname="SmokeTest.CreateIncident" name="createIncident" time="11.689"/>
  <testcase classname="SmokeTest.CreateIncident" name="createIncidentThroughAutomation" time="11.756"/>
</testsuite> <!-- Test -->
