<?xml version="1.0" encoding="UTF-8"?>
<!-- Generated by org.testng.reporters.JUnitXMLReporter -->
<testsuite ignored="1" hostname="LAPTOP-HV9JTJ5U" failures="0" tests="1" name="Test" time="21.633" errors="0" timestamp="2022-03-10T22:11:13 IST">
  <testcase classname="SmokeTest.CreateIncident" name="createIncidentThroughAutomation" time="11.868"/>
  <testcase classname="SmokeTest.CreateIncident" name="createIncident" time="0.0">
    <ignored/>
  </testcase> <!-- createIncident -->
</testsuite> <!-- Test -->
