<?xml version="1.0" encoding="UTF-8"?>
<!-- Generated by org.testng.reporters.JUnitXMLReporter -->
<testsuite hostname="LAPTOP-HV9JTJ5U" ignored="1" name="Test" tests="1" failures="0" timestamp="2022-03-10T22:50:19 IST" time="21.672" errors="0">
  <testcase name="createIncidentThroughAutomation" time="11.589" classname="SmokeTest.CreateIncident"/>
  <testcase name="createIncident" time="0.0" classname="SmokeTest.CreateIncident">
    <ignored/>
  </testcase> <!-- createIncident -->
</testsuite> <!-- Test -->
