<?xml version="1.0" encoding="UTF-8"?>
<testng-results ignored="1" total="2" passed="1" failed="0" skipped="0">
  <reporter-output>
  </reporter-output>
  <suite started-at="2022-03-06T21:20:53 IST" name="Suite" finished-at="2022-03-06T21:21:14 IST" duration-ms="21142">
    <groups>
    </groups>
    <test started-at="2022-03-06T21:20:53 IST" name="Test" finished-at="2022-03-06T21:21:14 IST" duration-ms="21142">
      <class name="SmokeTest.CreateIncident">
        <test-method is-config="true" signature="CreateTestReport()[pri:0, instance:SmokeTest.CreateIncident@2525ff7e]" started-at="2022-03-06T21:20:53 IST" name="CreateTestReport" finished-at="2022-03-06T21:20:53 IST" duration-ms="159" status="PASS">
          <reporter-output>
          </reporter-output>
        </test-method> <!-- CreateTestReport -->
        <test-method is-config="true" signature="Driver(java.lang.reflect.Method)[pri:0, instance:SmokeTest.CreateIncident@2525ff7e]" started-at="2022-03-06T21:20:53 IST" name="Driver" finished-at="2022-03-06T21:21:01 IST" duration-ms="8474" status="PASS">
          <params>
            <param index="0">
              <value>
                <![CDATA[public void SmokeTest.CreateIncident.createIncidentThroughAutomation() throws java.lang.InterruptedException]]>
              </value>
            </param>
          </params>
          <reporter-output>
          </reporter-output>
        </test-method> <!-- Driver -->
        <test-method signature="createIncidentThroughAutomation()[pri:0, instance:SmokeTest.CreateIncident@2525ff7e]" started-at="2022-03-06T21:21:01 IST" name="createIncidentThroughAutomation" finished-at="2022-03-06T21:21:13 IST" duration-ms="11687" status="PASS">
          <reporter-output>
          </reporter-output>
        </test-method> <!-- createIncidentThroughAutomation -->
        <test-method is-config="true" signature="Close()[pri:0, instance:SmokeTest.CreateIncident@2525ff7e]" started-at="2022-03-06T21:21:13 IST" name="Close" finished-at="2022-03-06T21:21:14 IST" duration-ms="608" status="PASS">
          <reporter-output>
          </reporter-output>
        </test-method> <!-- Close -->
        <test-method is-config="true" signature="CleanUp()[pri:0, instance:SmokeTest.CreateIncident@2525ff7e]" started-at="2022-03-06T21:21:14 IST" name="CleanUp" finished-at="2022-03-06T21:21:14 IST" duration-ms="195" status="PASS">
          <reporter-output>
          </reporter-output>
        </test-method> <!-- CleanUp -->
      </class> <!-- SmokeTest.CreateIncident -->
    </test> <!-- Test -->
  </suite> <!-- Suite -->
</testng-results>
