<?xml version="1.0" encoding="UTF-8"?>
<testng-results ignored="1" total="2" passed="1" failed="0" skipped="0">
  <reporter-output>
  </reporter-output>
  <suite started-at="2022-03-10T22:00:35 IST" name="Suite" finished-at="2022-03-10T22:00:56 IST" duration-ms="21453">
    <groups>
    </groups>
    <test started-at="2022-03-10T22:00:35 IST" name="Test" finished-at="2022-03-10T22:00:56 IST" duration-ms="21453">
      <class name="SmokeTest.CreateIncident">
        <test-method is-config="true" signature="CreateTestReport()[pri:0, instance:SmokeTest.CreateIncident@b3ca52e]" started-at="2022-03-10T22:00:35 IST" name="CreateTestReport" finished-at="2022-03-10T22:00:35 IST" duration-ms="175" status="PASS">
          <reporter-output>
          </reporter-output>
        </test-method> <!-- CreateTestReport -->
        <test-method is-config="true" signature="Driver(java.lang.reflect.Method)[pri:0, instance:SmokeTest.CreateIncident@b3ca52e]" started-at="2022-03-10T22:00:35 IST" name="Driver" finished-at="2022-03-10T22:00:43 IST" duration-ms="7934" status="PASS">
          <params>
            <param index="0">
              <value>
                <![CDATA[public void SmokeTest.CreateIncident.createIncidentThroughAutomation() throws java.lang.InterruptedException]]>
              </value>
            </param>
          </params>
          <reporter-output>
          </reporter-output>
        </test-method> <!-- Driver -->
        <test-method signature="createIncidentThroughAutomation()[pri:0, instance:SmokeTest.CreateIncident@b3ca52e]" started-at="2022-03-10T22:00:43 IST" name="createIncidentThroughAutomation" finished-at="2022-03-10T22:00:55 IST" duration-ms="12511" status="PASS">
          <reporter-output>
          </reporter-output>
        </test-method> <!-- createIncidentThroughAutomation -->
        <test-method is-config="true" signature="Close()[pri:0, instance:SmokeTest.CreateIncident@b3ca52e]" started-at="2022-03-10T22:00:55 IST" name="Close" finished-at="2022-03-10T22:00:56 IST" duration-ms="612" status="PASS">
          <reporter-output>
          </reporter-output>
        </test-method> <!-- Close -->
        <test-method is-config="true" signature="CleanUp()[pri:0, instance:SmokeTest.CreateIncident@b3ca52e]" started-at="2022-03-10T22:00:56 IST" name="CleanUp" finished-at="2022-03-10T22:00:56 IST" duration-ms="202" status="PASS">
          <reporter-output>
          </reporter-output>
        </test-method> <!-- CleanUp -->
      </class> <!-- SmokeTest.CreateIncident -->
    </test> <!-- Test -->
  </suite> <!-- Suite -->
</testng-results>
