<?xml version="1.0" encoding="UTF-8"?>
<testng-results skipped="0" failed="0" ignored="1" total="2" passed="1">
  <reporter-output>
  </reporter-output>
  <suite name="Suite" duration-ms="21843" started-at="2022-03-09T21:57:34 IST" finished-at="2022-03-09T21:57:55 IST">
    <groups>
    </groups>
    <test name="Test" duration-ms="21843" started-at="2022-03-09T21:57:34 IST" finished-at="2022-03-09T21:57:55 IST">
      <class name="SmokeTest.CreateIncident">
        <test-method status="PASS" signature="CreateTestReport()[pri:0, instance:SmokeTest.CreateIncident@42d8062c]" name="CreateTestReport" is-config="true" duration-ms="158" started-at="2022-03-09T21:57:34 IST" finished-at="2022-03-09T21:57:34 IST">
          <reporter-output>
          </reporter-output>
        </test-method> <!-- CreateTestReport -->
        <test-method status="PASS" signature="Driver(java.lang.reflect.Method)[pri:0, instance:SmokeTest.CreateIncident@42d8062c]" name="Driver" is-config="true" duration-ms="8967" started-at="2022-03-09T21:57:34 IST" finished-at="2022-03-09T21:57:43 IST">
          <params>
            <param index="0">
              <value>
                <![CDATA[public void SmokeTest.CreateIncident.createIncidentThroughAutomation() throws java.lang.InterruptedException]]>
              </value>
            </param>
          </params>
          <reporter-output>
          </reporter-output>
        </test-method> <!-- Driver -->
        <test-method status="PASS" signature="createIncidentThroughAutomation()[pri:0, instance:SmokeTest.CreateIncident@42d8062c]" name="createIncidentThroughAutomation" duration-ms="11895" started-at="2022-03-09T21:57:43 IST" finished-at="2022-03-09T21:57:55 IST">
          <reporter-output>
          </reporter-output>
        </test-method> <!-- createIncidentThroughAutomation -->
        <test-method status="PASS" signature="Close()[pri:0, instance:SmokeTest.CreateIncident@42d8062c]" name="Close" is-config="true" duration-ms="613" started-at="2022-03-09T21:57:55 IST" finished-at="2022-03-09T21:57:55 IST">
          <reporter-output>
          </reporter-output>
        </test-method> <!-- Close -->
        <test-method status="PASS" signature="CleanUp()[pri:0, instance:SmokeTest.CreateIncident@42d8062c]" name="CleanUp" is-config="true" duration-ms="185" started-at="2022-03-09T21:57:55 IST" finished-at="2022-03-09T21:57:55 IST">
          <reporter-output>
          </reporter-output>
        </test-method> <!-- CleanUp -->
      </class> <!-- SmokeTest.CreateIncident -->
    </test> <!-- Test -->
  </suite> <!-- Suite -->
</testng-results>
